已經開始建置於 2016/10/14 上午 09:14:59。
     1>節點 2 (build 目標) 上的專案 "c:\Users\bionic lee\documents\visual studio 2010\Projects\batchCutPic\batchCutPic\batchCutPic.vcxproj"。
     1>PrepareForBuild:
         正在建立目錄 "c:\users\bionic lee\documents\visual studio 2010\Projects\batchCutPic\Debug\"。
       InitializeBuildStatus:
         由於指定了 "AlwaysCreate"，因此正在建立 "Debug\batchCutPic.unsuccessfulbuild"。
       ClCompile:
         C:\Program Files (x86)\Microsoft Visual Studio 10.0\VC\bin\CL.exe /c /ZI /nologo /W3 /WX- /Od /Oy- /D WIN32 /D _DEBUG /D _CONSOLE /D _UNICODE /D UNICODE /Gm /EHsc /RTC1 /MDd /GS /fp:precise /Zc:wchar_t /Zc:forScope /Yc"StdAfx.h" /Fp"Debug\batchCutPic.pch" /Fo"Debug\\" /Fd"Debug\vc100.pdb" /Gd /TP /analyze- /errorReport:prompt stdafx.cpp
         stdafx.cpp
         C:\Program Files (x86)\Microsoft Visual Studio 10.0\VC\bin\CL.exe /c /ZI /nologo /W3 /WX- /Od /Oy- /D WIN32 /D _DEBUG /D _CONSOLE /D _UNICODE /D UNICODE /Gm /EHsc /RTC1 /MDd /GS /fp:precise /Zc:wchar_t /Zc:forScope /Yu"StdAfx.h" /Fp"Debug\batchCutPic.pch" /Fo"Debug\\" /Fd"Debug\vc100.pdb" /Gd /TP /analyze- /errorReport:prompt batchCutPic.cpp
         batchCutPic.cpp
       ManifestResourceCompile:
         C:\Program Files (x86)\Microsoft SDKs\Windows\v7.0A\bin\rc.exe /nologo /fo"Debug\batchCutPic.exe.embed.manifest.res" Debug\batchCutPic_manifest.rc 
       Link:
         C:\Program Files (x86)\Microsoft Visual Studio 10.0\VC\bin\link.exe /ERRORREPORT:PROMPT /OUT:"c:\users\bionic lee\documents\visual studio 2010\Projects\batchCutPic\Debug\batchCutPic.exe" /INCREMENTAL /NOLOGO opencv_calib3d249d.lib opencv_contrib249d.lib opencv_core249d.lib opencv_features2d249d.lib opencv_flann249d.lib opencv_gpu249d.lib opencv_highgui249d.lib opencv_imgproc249d.lib opencv_legacy249d.lib opencv_ml249d.lib opencv_nonfree249d.lib opencv_objdetect249d.lib opencv_photo249d.lib opencv_stitching249d.lib opencv_ts249d.lib opencv_video249d.lib opencv_videostab249d.lib kernel32.lib user32.lib gdi32.lib winspool.lib comdlg32.lib advapi32.lib shell32.lib ole32.lib oleaut32.lib uuid.lib odbc32.lib odbccp32.lib /MANIFEST /ManifestFile:"Debug\batchCutPic.exe.intermediate.manifest" /MANIFESTUAC:"level='asInvoker' uiAccess='false'" /DEBUG /PDB:"c:\users\bionic lee\documents\visual studio 2010\Projects\batchCutPic\Debug\batchCutPic.pdb" /SUBSYSTEM:CONSOLE /TLBID:1 /DYNAMICBASE /NXCOMPAT /IMPLIB:"c:\users\bionic lee\documents\visual studio 2010\Projects\batchCutPic\Debug\batchCutPic.lib" /MACHINE:X86 Debug\batchCutPic.exe.embed.manifest.res
         Debug\batchCutPic.obj
         Debug\stdafx.obj
       Manifest:
         C:\Program Files (x86)\Microsoft SDKs\Windows\v7.0A\bin\mt.exe /nologo /verbose /out:"Debug\batchCutPic.exe.embed.manifest" /manifest Debug\batchCutPic.exe.intermediate.manifest
         C:\Program Files (x86)\Microsoft SDKs\Windows\v7.0A\bin\rc.exe /nologo /fo"Debug\batchCutPic.exe.embed.manifest.res" Debug\batchCutPic_manifest.rc 
       LinkEmbedManifest:
         C:\Program Files (x86)\Microsoft Visual Studio 10.0\VC\bin\link.exe /ERRORREPORT:PROMPT /OUT:"c:\users\bionic lee\documents\visual studio 2010\Projects\batchCutPic\Debug\batchCutPic.exe" /INCREMENTAL /NOLOGO opencv_calib3d249d.lib opencv_contrib249d.lib opencv_core249d.lib opencv_features2d249d.lib opencv_flann249d.lib opencv_gpu249d.lib opencv_highgui249d.lib opencv_imgproc249d.lib opencv_legacy249d.lib opencv_ml249d.lib opencv_nonfree249d.lib opencv_objdetect249d.lib opencv_photo249d.lib opencv_stitching249d.lib opencv_ts249d.lib opencv_video249d.lib opencv_videostab249d.lib kernel32.lib user32.lib gdi32.lib winspool.lib comdlg32.lib advapi32.lib shell32.lib ole32.lib oleaut32.lib uuid.lib odbc32.lib odbccp32.lib /MANIFEST /ManifestFile:"Debug\batchCutPic.exe.intermediate.manifest" /MANIFESTUAC:"level='asInvoker' uiAccess='false'" /DEBUG /PDB:"c:\users\bionic lee\documents\visual studio 2010\Projects\batchCutPic\Debug\batchCutPic.pdb" /SUBSYSTEM:CONSOLE /TLBID:1 /DYNAMICBASE /NXCOMPAT /IMPLIB:"c:\users\bionic lee\documents\visual studio 2010\Projects\batchCutPic\Debug\batchCutPic.lib" /MACHINE:X86 Debug\batchCutPic.exe.embed.manifest.res
         Debug\batchCutPic.obj
         Debug\stdafx.obj
         batchCutPic.vcxproj -> c:\users\bionic lee\documents\visual studio 2010\Projects\batchCutPic\Debug\batchCutPic.exe
       FinalizeBuildStatus:
         正在刪除檔案 "Debug\batchCutPic.unsuccessfulbuild"。
         正在變更時間戳記 "Debug\batchCutPic.lastbuildstate"。
     1>專案 "c:\Users\bionic lee\documents\visual studio 2010\Projects\batchCutPic\batchCutPic\batchCutPic.vcxproj" (build 目標) 建置完成。

建置成功。

經過時間 00:00:01.75
