已經開始建置於 2017/1/5 上午 09:50:54。
     1>節點 2 (build 目標) 上的專案 "C:\Users\Bionic Lee\Desktop\TOOL_nick\batchCutPic\batchCutPic\batchCutPic.vcxproj"。
     1>InitializeBuildStatus:
         由於指定了 "AlwaysCreate"，因此正在建立 "x64\Debug\batchCutPic.unsuccessfulbuild"。
       ClCompile:
         所有輸出都是最新的。
         C:\Program Files (x86)\Microsoft Visual Studio 10.0\VC\bin\x86_amd64\CL.exe /c /ID:\opencv\build /ID:\opencv\build\include\opencv /ID:\opencv\build\include /Zi /nologo /W3 /WX- /Od /D WIN32 /D _DEBUG /D _CONSOLE /D _UNICODE /D UNICODE /Gm /EHsc /RTC1 /MDd /GS /fp:precise /Zc:wchar_t /Zc:forScope /Yu"StdAfx.h" /Fp"x64\Debug\batchCutPic.pch" /Fo"x64\Debug\\" /Fd"x64\Debug\vc100.pdb" /Gd /TP /errorReport:prompt batchCutPic.cpp
         batchCutPic.cpp
     1>batchCutPic.cpp(47): warning C4101: 'times' : 未參考的區域變數
     1>batchCutPic.cpp(44): warning C4101: 'dst_cvsize' : 未參考的區域變數
     1>batchCutPic.cpp(45): warning C4101: 'dst_cvsize2' : 未參考的區域變數
       ManifestResourceCompile:
         所有輸出都是最新的。
       Link:
         C:\Program Files (x86)\Microsoft Visual Studio 10.0\VC\bin\x86_amd64\link.exe /ERRORREPORT:PROMPT /OUT:"C:\Users\Bionic Lee\Desktop\TOOL_nick\batchCutPic\x64\Debug\batchCutPic.exe" /INCREMENTAL /NOLOGO /LIBPATH:D:\opencv\build\x64\vc10\lib opencv_core249d.lib opencv_imgproc249d.lib opencv_highgui249d.lib opencv_ml249d.lib opencv_video249d.lib opencv_features2d249d.lib opencv_calib3d249d.lib opencv_objdetect249d.lib opencv_contrib249d.lib opencv_legacy249d.lib opencv_flann249d.lib kernel32.lib user32.lib gdi32.lib winspool.lib comdlg32.lib advapi32.lib shell32.lib ole32.lib oleaut32.lib uuid.lib odbc32.lib odbccp32.lib /MANIFEST /ManifestFile:"x64\Debug\batchCutPic.exe.intermediate.manifest" /MANIFESTUAC:"level='asInvoker' uiAccess='false'" /DEBUG /PDB:"C:\Users\Bionic Lee\Desktop\TOOL_nick\batchCutPic\x64\Debug\batchCutPic.pdb" /SUBSYSTEM:CONSOLE /TLBID:1 /DYNAMICBASE /NXCOMPAT /IMPLIB:"C:\Users\Bionic Lee\Desktop\TOOL_nick\batchCutPic\x64\Debug\batchCutPic.lib" /MACHINE:X64 x64\Debug\batchCutPic.exe.embed.manifest.res
         x64\Debug\batchCutPic.obj
         x64\Debug\stdafx.obj
         batchCutPic.vcxproj -> C:\Users\Bionic Lee\Desktop\TOOL_nick\batchCutPic\x64\Debug\batchCutPic.exe
       Manifest:
         C:\Program Files (x86)\Microsoft SDKs\Windows\v7.0A\bin\mt.exe /nologo /verbose /out:"x64\Debug\batchCutPic.exe.embed.manifest" /manifest x64\Debug\batchCutPic.exe.intermediate.manifest
         所有輸出都是最新的。
       LinkEmbedManifest:
         所有輸出都是最新的。
         batchCutPic.vcxproj -> C:\Users\Bionic Lee\Desktop\TOOL_nick\batchCutPic\x64\Debug\batchCutPic.exe
       FinalizeBuildStatus:
         正在刪除檔案 "x64\Debug\batchCutPic.unsuccessfulbuild"。
         正在變更時間戳記 "x64\Debug\batchCutPic.lastbuildstate"。
     1>專案 "C:\Users\Bionic Lee\Desktop\TOOL_nick\batchCutPic\batchCutPic\batchCutPic.vcxproj" (build 目標) 建置完成。

建置成功。

經過時間 00:00:01.36
